2020.06.04 11:23:56 INFO  started: Metals version 0.9.0 in workspace '/Users/kota/vagrant/ubuntu64_16/workspace/repositories/stdio'
2020.06.04 11:23:59 INFO  time: initialize in 2.56s
2020.06.04 11:24:00 WARN  no build tool detected in workspace '/Users/kota/vagrant/ubuntu64_16/workspace/repositories/stdio'. The most common cause for this problem is that the editor was opened in the wrong working directory, for example if you use sbt then the workspace directory should contain build.sbt. 
2020.06.04 11:27:01 INFO  no build target: using presentation compiler with only scala-library
2020.06.04 11:27:09 WARN  no build target for: /Users/kota/vagrant/ubuntu64_16/workspace/repositories/stdio/stdin.scala
2020.06.04 11:28:08 WARN  no build target for: /Users/kota/vagrant/ubuntu64_16/workspace/repositories/stdio/stdin.scala
2020.06.04 11:36:21 WARN  no build target for: /Users/kota/vagrant/ubuntu64_16/workspace/repositories/stdio/stdin.scala
something's wrong: no file:///Users/kota/vagrant/ubuntu64_16/workspace/repositories/stdio/stdin.scala in Array[String]RangePosition(file:///Users/kota/vagrant/ubuntu64_16/workspace/repositories/stdio/stdin.scala, 214, 214, 227)
2020.06.04 11:36:44 WARN  no build target for: /Users/kota/vagrant/ubuntu64_16/workspace/repositories/stdio/stdin.scala
2020.06.04 11:36:49 WARN  no build target for: /Users/kota/vagrant/ubuntu64_16/workspace/repositories/stdio/stdin.scala
2020.06.04 11:36:57 WARN  no build target for: /Users/kota/vagrant/ubuntu64_16/workspace/repositories/stdio/stdin.scala
2020.06.04 11:54:29 WARN  no build target for: /Users/kota/vagrant/ubuntu64_16/workspace/repositories/stdio/stdin.scala
2020.06.04 11:54:52 WARN  no build target for: /Users/kota/vagrant/ubuntu64_16/workspace/repositories/stdio/stdin.scala
2020.06.04 11:55:01 WARN  no build target for: /Users/kota/vagrant/ubuntu64_16/workspace/repositories/stdio/stdin.scala
2020.06.04 11:55:13 WARN  no build target for: /Users/kota/vagrant/ubuntu64_16/workspace/repositories/stdio/stdin.scala
2020.06.04 11:56:11 WARN  no build target for: /Users/kota/vagrant/ubuntu64_16/workspace/repositories/stdio/stdin.scala
2020.06.04 11:56:48 WARN  no build target for: /Users/kota/vagrant/ubuntu64_16/workspace/repositories/stdio/stdin.scala
2020.06.04 11:57:24 WARN  no build target for: /Users/kota/vagrant/ubuntu64_16/workspace/repositories/stdio/stdin.scala
2020.06.04 11:57:40 WARN  no build target for: /Users/kota/vagrant/ubuntu64_16/workspace/repositories/stdio/stdin.scala
2020.06.04 12:00:20 ERROR scalafmt: /Users/kota/vagrant/ubuntu64_16/workspace/repositories/stdio/stdin.scala:4: error: ( expected but } found
}
^
2020.06.04 12:00:20 WARN  no build target for: /Users/kota/vagrant/ubuntu64_16/workspace/repositories/stdio/stdin.scala
2020.06.04 12:00:48 WARN  no build target for: /Users/kota/vagrant/ubuntu64_16/workspace/repositories/stdio/stdin.scala
2020.06.04 12:00:58 WARN  no build target for: /Users/kota/vagrant/ubuntu64_16/workspace/repositories/stdio/stdin.scala
2020.06.04 12:01:25 WARN  no build target for: /Users/kota/vagrant/ubuntu64_16/workspace/repositories/stdio/stdin.scala
2020.06.04 12:01:35 WARN  no build target for: /Users/kota/vagrant/ubuntu64_16/workspace/repositories/stdio/stdin.scala
2020.06.04 12:01:54 WARN  no build target for: /Users/kota/vagrant/ubuntu64_16/workspace/repositories/stdio/stdin.scala
2020.06.04 12:02:56 ERROR scalafmt: /Users/kota/vagrant/ubuntu64_16/workspace/repositories/stdio/stdin.scala:3: error: <- expected but = found
  for (lines = scala.io.StdIn.readLine) yield{
             ^
2020.06.04 12:02:56 WARN  no build target for: /Users/kota/vagrant/ubuntu64_16/workspace/repositories/stdio/stdin.scala
2020.06.04 12:03:03 WARN  no build target for: /Users/kota/vagrant/ubuntu64_16/workspace/repositories/stdio/stdin.scala
6月 04, 2020 12:05:01 午後 org.eclipse.lsp4j.jsonrpc.RemoteEndpoint handleCancellation
警告: Unmatched cancel notification for request id 883
2020.06.04 12:05:12 WARN  no build target for: /Users/kota/vagrant/ubuntu64_16/workspace/repositories/stdio/stdin.scala
something's wrong: no file:///Users/kota/vagrant/ubuntu64_16/workspace/repositories/stdio/stdin.scala in Array[Int]RangePosition(file:///Users/kota/vagrant/ubuntu64_16/workspace/repositories/stdio/stdin.scala, 57, 57, 67)
2020.06.04 12:06:17 ERROR scalafmt: /Users/kota/vagrant/ubuntu64_16/workspace/repositories/stdio/stdin.scala:3: error: ; expected but = found
  lines: Array[Int] = null
                    ^
2020.06.04 12:06:17 WARN  no build target for: /Users/kota/vagrant/ubuntu64_16/workspace/repositories/stdio/stdin.scala
6月 04, 2020 12:06:22 午後 org.eclipse.lsp4j.jsonrpc.RemoteEndpoint handleCancellation
警告: Unmatched cancel notification for request id 991
2020.06.04 12:06:39 ERROR scalafmt: /Users/kota/vagrant/ubuntu64_16/workspace/repositories/stdio/stdin.scala:3: error: ; expected but = found
  lines: Array[Int] = [];
                    ^
2020.06.04 12:06:39 WARN  no build target for: /Users/kota/vagrant/ubuntu64_16/workspace/repositories/stdio/stdin.scala
2020.06.04 12:06:45 WARN  no build target for: /Users/kota/vagrant/ubuntu64_16/workspace/repositories/stdio/stdin.scala
something's wrong: no file:///Users/kota/vagrant/ubuntu64_16/workspace/repositories/stdio/stdin.scala in Array[Int]RangePosition(file:///Users/kota/vagrant/ubuntu64_16/workspace/repositories/stdio/stdin.scala, 58, 58, 68)
2020.06.04 12:09:21 WARN  no build tool detected in workspace '/Users/kota/vagrant/ubuntu64_16/workspace/repositories/stdio'. The most common cause for this problem is that the editor was opened in the wrong working directory, for example if you use sbt then the workspace directory should contain build.sbt. 
2020.06.04 12:09:27 WARN  no build target for: /Users/kota/vagrant/ubuntu64_16/workspace/repositories/stdio/stdin.scala
2020.06.04 12:09:52 WARN  no build target for: /Users/kota/vagrant/ubuntu64_16/workspace/repositories/stdio/stdin.scala
2020.06.04 12:10:04 WARN  no build target for: /Users/kota/vagrant/ubuntu64_16/workspace/repositories/stdio/stdin.scala
2020.06.04 12:10:19 WARN  no build target for: /Users/kota/vagrant/ubuntu64_16/workspace/repositories/stdio/stdin.scala
2020.06.04 12:11:04 WARN  no build target for: /Users/kota/vagrant/ubuntu64_16/workspace/repositories/stdio/stdin.scala
2020.06.04 12:11:13 WARN  no build target for: /Users/kota/vagrant/ubuntu64_16/workspace/repositories/stdio/stdin.scala
2020.06.04 12:11:13 WARN  no build tool detected in workspace '/Users/kota/vagrant/ubuntu64_16/workspace/repositories/stdio'. The most common cause for this problem is that the editor was opened in the wrong working directory, for example if you use sbt then the workspace directory should contain build.sbt. 
2020.06.04 12:11:37 WARN  no build target for: /Users/kota/vagrant/ubuntu64_16/workspace/repositories/stdio/stdin.scala
2020.06.04 12:11:37 WARN  no build tool detected in workspace '/Users/kota/vagrant/ubuntu64_16/workspace/repositories/stdio'. The most common cause for this problem is that the editor was opened in the wrong working directory, for example if you use sbt then the workspace directory should contain build.sbt. 
2020.06.04 12:36:33 WARN  no build tool detected in workspace '/Users/kota/vagrant/ubuntu64_16/workspace/repositories/stdio'. The most common cause for this problem is that the editor was opened in the wrong working directory, for example if you use sbt then the workspace directory should contain build.sbt. 
2020.06.04 12:36:33 WARN  no build target for: /Users/kota/vagrant/ubuntu64_16/workspace/repositories/stdio/stdin.scala
2020.06.04 12:36:37 WARN  no build target for: /Users/kota/vagrant/ubuntu64_16/workspace/repositories/stdio/stdin.scala
2020.06.04 12:37:08 WARN  no build target for: /Users/kota/vagrant/ubuntu64_16/workspace/repositories/stdio/stdin.scala
2020.06.04 12:37:58 WARN  no build tool detected in workspace '/Users/kota/vagrant/ubuntu64_16/workspace/repositories/stdio'. The most common cause for this problem is that the editor was opened in the wrong working directory, for example if you use sbt then the workspace directory should contain build.sbt. 
2020.06.04 12:38:09 WARN  no build target for: /Users/kota/vagrant/ubuntu64_16/workspace/repositories/stdio/stdin.scala
2020.06.04 12:38:30 WARN  no build target for: /Users/kota/vagrant/ubuntu64_16/workspace/repositories/stdio/stdin.scala
2020.06.04 12:38:34 WARN  no build target for: /Users/kota/vagrant/ubuntu64_16/workspace/repositories/stdio/stdin.scala
2020.06.04 12:38:34 WARN  no build tool detected in workspace '/Users/kota/vagrant/ubuntu64_16/workspace/repositories/stdio'. The most common cause for this problem is that the editor was opened in the wrong working directory, for example if you use sbt then the workspace directory should contain build.sbt. 
2020.06.04 12:39:14 WARN  no build target for: /Users/kota/vagrant/ubuntu64_16/workspace/repositories/stdio/stdin.scala
2020.06.04 12:39:46 WARN  no build target for: /Users/kota/vagrant/ubuntu64_16/workspace/repositories/stdio/stdin.scala
2020.06.04 12:40:01 WARN  no build target for: /Users/kota/vagrant/ubuntu64_16/workspace/repositories/stdio/stdin.scala
2020.06.04 12:40:55 WARN  no build target for: /Users/kota/vagrant/ubuntu64_16/workspace/repositories/stdio/stdin.scala
2020.06.04 13:23:21 WARN  no build target for: /Users/kota/vagrant/ubuntu64_16/workspace/repositories/stdio/stdin.scala
2020.06.04 13:23:38 WARN  no build target for: /Users/kota/vagrant/ubuntu64_16/workspace/repositories/stdio/stdin.scala
2020.06.04 13:23:50 WARN  no build target for: /Users/kota/vagrant/ubuntu64_16/workspace/repositories/stdio/stdin.scala
2020.06.04 13:37:11 WARN  no build target for: /Users/kota/vagrant/ubuntu64_16/workspace/repositories/stdio/stdin.scala
2020.06.04 13:37:18 WARN  no build target for: /Users/kota/vagrant/ubuntu64_16/workspace/repositories/stdio/stdin.scala
2020.06.04 13:37:40 WARN  no build target for: /Users/kota/vagrant/ubuntu64_16/workspace/repositories/stdio/stdin.scala
2020.06.04 13:37:55 WARN  no build tool detected in workspace '/Users/kota/vagrant/ubuntu64_16/workspace/repositories/stdio'. The most common cause for this problem is that the editor was opened in the wrong working directory, for example if you use sbt then the workspace directory should contain build.sbt. 
2020.06.04 13:38:00 WARN  no build target for: /Users/kota/vagrant/ubuntu64_16/workspace/repositories/stdio/stdin.scala
2020.06.04 13:38:00 WARN  no build tool detected in workspace '/Users/kota/vagrant/ubuntu64_16/workspace/repositories/stdio'. The most common cause for this problem is that the editor was opened in the wrong working directory, for example if you use sbt then the workspace directory should contain build.sbt. 
2020.06.04 13:38:25 WARN  no build target for: /Users/kota/vagrant/ubuntu64_16/workspace/repositories/stdio/stdin.scala
6月 04, 2020 1:39:04 午後 org.eclipse.lsp4j.jsonrpc.RemoteEndpoint handleCancellation
警告: Unmatched cancel notification for request id 1903
2020.06.04 13:39:33 WARN  no build tool detected in workspace '/Users/kota/vagrant/ubuntu64_16/workspace/repositories/stdio'. The most common cause for this problem is that the editor was opened in the wrong working directory, for example if you use sbt then the workspace directory should contain build.sbt. 
2020.06.04 13:39:33 WARN  no build target for: /Users/kota/vagrant/ubuntu64_16/workspace/repositories/stdio/stdin.scala
2020.06.04 13:39:33 WARN  no build tool detected in workspace '/Users/kota/vagrant/ubuntu64_16/workspace/repositories/stdio'. The most common cause for this problem is that the editor was opened in the wrong working directory, for example if you use sbt then the workspace directory should contain build.sbt. 
2020.06.04 13:39:35 WARN  no build target for: /Users/kota/vagrant/ubuntu64_16/workspace/repositories/stdio/stdin.scala
something's wrong: no file:///Users/kota/vagrant/ubuntu64_16/workspace/repositories/stdio/stdin.scala in Seq[String]RangePosition(file:///Users/kota/vagrant/ubuntu64_16/workspace/repositories/stdio/stdin.scala, 72, 72, 83)
2020.06.04 13:39:49 WARN  no build target for: /Users/kota/vagrant/ubuntu64_16/workspace/repositories/stdio/stdin.scala
2020.06.04 13:41:25 WARN  no build target for: /Users/kota/vagrant/ubuntu64_16/workspace/repositories/stdio/stdin.scala
2020.06.04 13:41:35 WARN  no build target for: /Users/kota/vagrant/ubuntu64_16/workspace/repositories/stdio/stdin.scala
2020.06.04 13:41:45 WARN  no build target for: /Users/kota/vagrant/ubuntu64_16/workspace/repositories/stdio/stdin.scala
2020.06.04 13:42:24 WARN  no build target for: /Users/kota/vagrant/ubuntu64_16/workspace/repositories/stdio/stdin.scala
2020.06.04 13:42:36 WARN  no build target for: /Users/kota/vagrant/ubuntu64_16/workspace/repositories/stdio/stdin.scala
2020.06.04 13:42:57 WARN  no build target for: /Users/kota/vagrant/ubuntu64_16/workspace/repositories/stdio/stdin.scala
2020.06.04 13:51:24 WARN  no build tool detected in workspace '/Users/kota/vagrant/ubuntu64_16/workspace/repositories/stdio'. The most common cause for this problem is that the editor was opened in the wrong working directory, for example if you use sbt then the workspace directory should contain build.sbt. 
2020.06.04 13:51:24 WARN  no build target for: /Users/kota/vagrant/ubuntu64_16/workspace/repositories/stdio/stdin.scala
2020.06.04 13:51:27 WARN  no build target for: /Users/kota/vagrant/ubuntu64_16/workspace/repositories/stdio/stdin.scala
2020.06.04 13:51:27 WARN  no build tool detected in workspace '/Users/kota/vagrant/ubuntu64_16/workspace/repositories/stdio'. The most common cause for this problem is that the editor was opened in the wrong working directory, for example if you use sbt then the workspace directory should contain build.sbt. 
2020.06.04 13:51:29 WARN  no build target for: /Users/kota/vagrant/ubuntu64_16/workspace/repositories/stdio/stdin.scala
2020.06.04 13:51:49 WARN  no build target for: /Users/kota/vagrant/ubuntu64_16/workspace/repositories/stdio/stdin.scala
2020.06.04 13:52:03 WARN  no build target for: /Users/kota/vagrant/ubuntu64_16/workspace/repositories/stdio/stdin.scala
2020.06.04 13:52:30 WARN  no build target for: /Users/kota/vagrant/ubuntu64_16/workspace/repositories/stdio/stdin.scala
2020.06.04 13:54:46 WARN  no build tool detected in workspace '/Users/kota/vagrant/ubuntu64_16/workspace/repositories/stdio'. The most common cause for this problem is that the editor was opened in the wrong working directory, for example if you use sbt then the workspace directory should contain build.sbt. 
2020.06.04 13:54:52 WARN  no build target for: /Users/kota/vagrant/ubuntu64_16/workspace/repositories/stdio/stdin.scala
2020.06.04 13:56:53 WARN  no build target for: /Users/kota/vagrant/ubuntu64_16/workspace/repositories/stdio/stdin.scala
2020.06.04 13:56:59 WARN  no build target for: /Users/kota/vagrant/ubuntu64_16/workspace/repositories/stdio/stdin.scala
2020.06.04 13:57:08 WARN  no build target for: /Users/kota/vagrant/ubuntu64_16/workspace/repositories/stdio/stdin.scala
2020.06.04 13:59:42 WARN  no build target for: /Users/kota/vagrant/ubuntu64_16/workspace/repositories/stdio/stdin.scala
2020.06.04 14:01:36 WARN  no build tool detected in workspace '/Users/kota/vagrant/ubuntu64_16/workspace/repositories/stdio'. The most common cause for this problem is that the editor was opened in the wrong working directory, for example if you use sbt then the workspace directory should contain build.sbt. 
2020.06.04 14:01:46 WARN  no build target for: /Users/kota/vagrant/ubuntu64_16/workspace/repositories/stdio/stdin.scala
2020.06.04 14:02:28 WARN  no build target for: /Users/kota/vagrant/ubuntu64_16/workspace/repositories/stdio/stdin.scala
2020.06.04 14:03:05 WARN  no build target for: /Users/kota/vagrant/ubuntu64_16/workspace/repositories/stdio/stdin.scala
2020.06.04 14:03:20 WARN  no build target for: /Users/kota/vagrant/ubuntu64_16/workspace/repositories/stdio/stdin.scala
2020.06.04 14:03:46 WARN  no build target for: /Users/kota/vagrant/ubuntu64_16/workspace/repositories/stdio/stdin.scala
2020.06.04 14:04:02 WARN  no build target for: /Users/kota/vagrant/ubuntu64_16/workspace/repositories/stdio/stdin.scala
2020.06.04 14:04:08 WARN  no build target for: /Users/kota/vagrant/ubuntu64_16/workspace/repositories/stdio/stdin.scala
2020.06.04 14:04:34 WARN  no build target for: /Users/kota/vagrant/ubuntu64_16/workspace/repositories/stdio/stdin.scala
2020.06.04 14:04:54 WARN  no build target for: /Users/kota/vagrant/ubuntu64_16/workspace/repositories/stdio/stdin.scala
2020.06.04 14:06:38 WARN  no build tool detected in workspace '/Users/kota/vagrant/ubuntu64_16/workspace/repositories/stdio'. The most common cause for this problem is that the editor was opened in the wrong working directory, for example if you use sbt then the workspace directory should contain build.sbt. 
2020.06.04 14:06:40 WARN  no build target for: /Users/kota/vagrant/ubuntu64_16/workspace/repositories/stdio/stdin.scala
2020.06.04 14:08:24 WARN  no build tool detected in workspace '/Users/kota/vagrant/ubuntu64_16/workspace/repositories/stdio'. The most common cause for this problem is that the editor was opened in the wrong working directory, for example if you use sbt then the workspace directory should contain build.sbt. 
2020.06.04 14:09:29 WARN  no build target for: /Users/kota/vagrant/ubuntu64_16/workspace/repositories/stdio/stdin.scala
2020.06.04 14:09:46 WARN  no build tool detected in workspace '/Users/kota/vagrant/ubuntu64_16/workspace/repositories/stdio'. The most common cause for this problem is that the editor was opened in the wrong working directory, for example if you use sbt then the workspace directory should contain build.sbt. 
6月 04, 2020 2:09:50 午後 org.eclipse.lsp4j.jsonrpc.RemoteEndpoint handleCancellation
警告: Unmatched cancel notification for request id 3044
2020.06.04 14:10:00 WARN  no build target for: /Users/kota/vagrant/ubuntu64_16/workspace/repositories/stdio/stdin.scala
2020.06.04 14:10:17 WARN  no build target for: /Users/kota/vagrant/ubuntu64_16/workspace/repositories/stdio/stdin.scala
2020.06.04 14:10:19 WARN  no build target for: /Users/kota/vagrant/ubuntu64_16/workspace/repositories/stdio/stdin.scala
2020.06.04 14:10:38 WARN  no build target for: /Users/kota/vagrant/ubuntu64_16/workspace/repositories/stdio/stdin.scala
2020.06.04 14:11:26 WARN  no build target for: /Users/kota/vagrant/ubuntu64_16/workspace/repositories/stdio/stdin.scala
2020.06.04 14:11:38 WARN  no build target for: /Users/kota/vagrant/ubuntu64_16/workspace/repositories/stdio/stdin.scala
2020.06.04 14:14:19 WARN  no build target for: /Users/kota/vagrant/ubuntu64_16/workspace/repositories/stdio/stdin.scala
2020.06.04 14:14:28 WARN  no build target for: /Users/kota/vagrant/ubuntu64_16/workspace/repositories/stdio/stdin.scala
2020.06.04 14:14:58 WARN  no build target for: /Users/kota/vagrant/ubuntu64_16/workspace/repositories/stdio/stdin.scala
2020.06.04 14:15:38 WARN  no build target for: /Users/kota/vagrant/ubuntu64_16/workspace/repositories/stdio/stdin.scala
2020.06.04 14:15:46 WARN  no build target for: /Users/kota/vagrant/ubuntu64_16/workspace/repositories/stdio/stdin.scala
2020.06.04 14:15:49 WARN  no build target for: /Users/kota/vagrant/ubuntu64_16/workspace/repositories/stdio/stdin.scala
2020.06.04 14:19:26 WARN  no build target for: /Users/kota/vagrant/ubuntu64_16/workspace/repositories/stdio/stdin.scala
6月 04, 2020 2:20:38 午後 org.eclipse.lsp4j.jsonrpc.services.GenericEndpoint notify
情報: Unsupported notification method: $/setTraceNotification
6月 04, 2020 2:20:51 午後 org.eclipse.lsp4j.jsonrpc.services.GenericEndpoint notify
情報: Unsupported notification method: $/setTraceNotification
2020.06.04 14:42:13 WARN  no build tool detected in workspace '/Users/kota/vagrant/ubuntu64_16/workspace/repositories/stdio'. The most common cause for this problem is that the editor was opened in the wrong working directory, for example if you use sbt then the workspace directory should contain build.sbt. 
2020.06.04 16:20:37 WARN  no build target for: /Users/kota/vagrant/ubuntu64_16/workspace/repositories/stdio/stdin.scala
6月 04, 2020 4:31:56 午後 org.eclipse.lsp4j.jsonrpc.services.GenericEndpoint notify
情報: Unsupported notification method: $/setTraceNotification
2020.06.04 16:34:34 INFO  shutting down Metals
2020.06.04 16:35:06 INFO  started: Metals version 0.9.0 in workspace '/Users/kota/vagrant/ubuntu64_16/workspace/repositories/stdin'
2020.06.04 16:35:08 INFO  time: initialize in 2.42s
2020.06.04 16:35:13 WARN  no build tool detected in workspace '/Users/kota/vagrant/ubuntu64_16/workspace/repositories/stdin'. The most common cause for this problem is that the editor was opened in the wrong working directory, for example if you use sbt then the workspace directory should contain build.sbt. 
2020.06.04 16:35:27 INFO  shutting down Metals
